<?xml version="1.0" encoding="UTF-8"?>
<!-- Generated by org.testng.reporters.JUnitXMLReporter -->
<testsuite ignored="3" hostname="Arvind" failures="0" tests="1" name="Default test" time="1.781" errors="0" timestamp="2024-04-17T00:47:18 IST">
  <testcase classname="com.RestAPI.PostTypes" name="usingExternalFile" time="1.744"/>
  <testcase classname="com.RestAPI.PostTypes" name="usingPOGO" time="0.0">
    <ignored/>
  </testcase> <!-- usingPOGO -->
  <testcase classname="com.RestAPI.PostTypes" name="postUsingHashMap" time="0.0">
    <ignored/>
  </testcase> <!-- postUsingHashMap -->
  <testcase classname="com.RestAPI.PostTypes" name="UsingJson" time="0.0">
    <ignored/>
  </testcase> <!-- UsingJson -->
</testsuite> <!-- Default test -->
