<?xml version="1.0" encoding="UTF-8"?>
<!-- Generated by org.testng.reporters.JUnitXMLReporter -->
<testsuite ignored="0" hostname="Arvind" failures="0" tests="4" name="Default test" time="4.416" errors="0" timestamp="2024-04-14T23:34:16 IST">
  <testcase classname="com.RestAPI.FirstClass" name="getUsers" time="2.672"/>
  <testcase classname="com.RestAPI.FirstClass" name="createUser" time="0.834"/>
  <testcase classname="com.RestAPI.FirstClass" name="updateuser" time="0.417"/>
  <testcase classname="com.RestAPI.FirstClass" name="deleteuser" time="0.442"/>
</testsuite> <!-- Default test -->
