<?xml version="1.0" encoding="UTF-8"?>
<testng-results ignored="0" total="4" passed="4" failed="0" skipped="0">
  <reporter-output>
  </reporter-output>
  <suite started-at="2024-04-14T23:34:11 IST" name="Default suite" finished-at="2024-04-14T23:34:16 IST" duration-ms="4416">
    <groups>
    </groups>
    <test started-at="2024-04-14T23:34:11 IST" name="Default test" finished-at="2024-04-14T23:34:16 IST" duration-ms="4416">
      <class name="com.RestAPI.FirstClass">
        <test-method signature="getUsers()[pri:0, instance:com.RestAPI.FirstClass@3e2e18f2]" started-at="2024-04-14T23:34:11 IST" name="getUsers" finished-at="2024-04-14T23:34:14 IST" duration-ms="2672" status="PASS">
          <reporter-output>
          </reporter-output>
        </test-method> <!-- getUsers -->
        <test-method signature="createUser()[pri:1, instance:com.RestAPI.FirstClass@3e2e18f2]" started-at="2024-04-14T23:34:14 IST" name="createUser" finished-at="2024-04-14T23:34:15 IST" duration-ms="834" status="PASS">
          <reporter-output>
          </reporter-output>
        </test-method> <!-- createUser -->
        <test-method signature="updateuser()[pri:2, instance:com.RestAPI.FirstClass@3e2e18f2]" started-at="2024-04-14T23:34:15 IST" name="updateuser" finished-at="2024-04-14T23:34:15 IST" depends-on-methods="com.RestAPI.FirstClass.createUser" duration-ms="417" status="PASS">
          <reporter-output>
          </reporter-output>
        </test-method> <!-- updateuser -->
        <test-method signature="deleteuser()[pri:3, instance:com.RestAPI.FirstClass@3e2e18f2]" started-at="2024-04-14T23:34:15 IST" name="deleteuser" finished-at="2024-04-14T23:34:16 IST" depends-on-methods="com.RestAPI.FirstClass.updateuser" duration-ms="442" status="PASS">
          <reporter-output>
          </reporter-output>
        </test-method> <!-- deleteuser -->
      </class> <!-- com.RestAPI.FirstClass -->
    </test> <!-- Default test -->
  </suite> <!-- Default suite -->
</testng-results>
