<?xml version="1.0" encoding="UTF-8"?>
<testng-results ignored="0" total="1" passed="1" failed="0" skipped="0">
  <reporter-output>
  </reporter-output>
  <suite started-at="2024-04-14T22:24:59 IST" name="Default suite" finished-at="2024-04-14T22:25:03 IST" duration-ms="3110">
    <groups>
    </groups>
    <test started-at="2024-04-14T22:24:59 IST" name="Default test" finished-at="2024-04-14T22:25:03 IST" duration-ms="3110">
      <class name="com.RestAPI.FirstClass">
        <test-method signature="getUsers()[pri:0, instance:com.RestAPI.FirstClass@3c130745]" started-at="2024-04-14T22:25:00 IST" name="getUsers" finished-at="2024-04-14T22:25:03 IST" duration-ms="3057" status="PASS">
          <reporter-output>
          </reporter-output>
        </test-method> <!-- getUsers -->
      </class> <!-- com.RestAPI.FirstClass -->
    </test> <!-- Default test -->
  </suite> <!-- Default suite -->
</testng-results>
